2025-12-25 17:28:48,857 - INFO - Authenticating with Arlo...
2025-12-25 17:28:48,857 - INFO - pyarlo 0.8.0.17 starting...
2025-12-25 17:28:49,976 - WARNING - error in new response={'meta': {'code': 401, 'error': 9015, 'message': 'Password not correct'}}
2025-12-25 17:28:49,976 - ERROR - login failed: 401 - Password not correct
2025-12-25 17:28:49,978 - INFO - Starting Arlo event listener...
2025-12-25 17:28:49,979 - ERROR - Error checking media library: 'PyArlo' object has no attribute 'media_library'
2025-12-25 19:33:52,979 - INFO - Authenticating with Arlo...
2025-12-25 19:33:53,001 - INFO - pyarlo 0.8.0.17 starting...
2025-12-25 19:33:54,695 - WARNING - error in new response={'meta': {'code': 400, 'error': 9261, 'message': 'Invalid factor data'}}
2025-12-25 19:34:08,760 - INFO - pyaarlo starting
2025-12-25 19:34:09,700 - INFO - skipping Chipmunk: state is removed
2025-12-25 19:34:10,772 - WARNING - error in response={'data': {'error': '2059', 'message': 'Device is offline.', 'reason': 'Device is offline.'}, 'success': False}
2025-12-25 19:34:11,388 - WARNING - error in response={'data': {'error': '2059', 'message': 'Device is offline.', 'reason': 'Device is offline.'}, 'success': False}
2025-12-25 19:34:13,512 - INFO - Starting Arlo event listener...
2025-12-25 19:34:13,512 - INFO - Registering callback for camera: Back Door
2025-12-25 19:34:13,512 - INFO - Registering callback for camera: Grey Squirrel
2025-12-25 19:34:13,514 - ERROR - Error checking media library: 'PyArlo' object has no attribute 'media_library'
2025-12-25 19:53:27,872 - INFO - Authenticating with Arlo...
2025-12-25 19:53:27,881 - INFO - pyarlo 0.8.0.17 starting...
2025-12-25 19:53:31,838 - INFO - pyaarlo starting
2025-12-25 19:53:32,761 - INFO - skipping Chipmunk: state is removed
2025-12-25 19:53:33,883 - WARNING - error in response={'data': {'error': '2059', 'message': 'Device is offline.', 'reason': 'Device is offline.'}, 'success': False}
2025-12-25 19:53:34,499 - WARNING - error in response={'data': {'error': '2059', 'message': 'Device is offline.', 'reason': 'Device is offline.'}, 'success': False}
2025-12-25 19:57:56,342 - INFO - Authenticating with Arlo...
2025-12-25 19:57:58,844 - INFO - pyarlo 0.8.0.17 starting...
2025-12-25 19:58:02,675 - INFO - pyaarlo starting
2025-12-25 19:58:03,936 - INFO - skipping Chipmunk: state is removed
2025-12-25 19:58:05,124 - WARNING - error in response={'data': {'error': '2059', 'message': 'Device is offline.', 'reason': 'Device is offline.'}, 'success': False}
2025-12-25 19:58:05,792 - WARNING - error in response={'data': {'error': '2059', 'message': 'Device is offline.', 'reason': 'Device is offline.'}, 'success': False}
2025-12-25 19:58:15,241 - INFO - Starting Arlo event listener...
2025-12-25 19:58:15,241 - INFO - Registering callback for camera: Back Door
2025-12-25 19:58:15,241 - INFO - Registering callback for camera: Grey Squirrel
2025-12-25 19:58:15,241 - ERROR - Error checking media library: 'PyArlo' object has no attribute 'media_library'
2025-12-25 19:59:04,439 - WARNING - error in response={'data': {'error': '2059', 'message': 'Device is offline.', 'reason': 'Device is offline.'}, 'success': False}
2025-12-25 20:02:08,036 - INFO - Authenticating with Arlo...
2025-12-25 20:02:08,037 - INFO - pyarlo 0.8.0.17 starting...
2025-12-25 20:02:11,726 - INFO - pyaarlo starting
2025-12-25 20:02:12,749 - INFO - skipping Chipmunk: state is removed
2025-12-25 20:02:13,883 - WARNING - error in response={'data': {'error': '2059', 'message': 'Device is offline.', 'reason': 'Device is offline.'}, 'success': False}
2025-12-25 20:02:14,577 - WARNING - error in response={'data': {'error': '2059', 'message': 'Device is offline.', 'reason': 'Device is offline.'}, 'success': False}
2025-12-25 20:18:31,458 - INFO - Authenticating with Arlo...
2025-12-25 20:18:31,480 - INFO - pyarlo 0.8.0.17 starting...
2025-12-25 20:18:35,065 - INFO - pyaarlo starting
2025-12-25 20:18:36,092 - INFO - skipping Chipmunk: state is removed
2025-12-25 20:30:13,251 - INFO - Authenticating with Arlo...
2025-12-25 20:30:13,251 - INFO - pyarlo 0.8.0.17 starting...
2025-12-25 20:30:15,483 - INFO - Exiting application...
2025-12-25 20:30:17,220 - INFO - pyaarlo starting
2025-12-25 20:30:18,204 - INFO - skipping Chipmunk: state is removed
2025-12-25 20:33:55,000 - INFO - Authenticating with Arlo...
2025-12-25 20:34:01,902 - INFO - pyarlo 0.8.0.17 starting...
2025-12-25 20:34:06,190 - INFO - pyaarlo starting
2025-12-25 20:34:07,333 - INFO - skipping Chipmunk: state is removed
2025-12-25 20:34:19,712 - INFO - Starting Arlo event listener...
2025-12-25 20:34:19,712 - INFO - Registering callback for camera: Back Door
2025-12-25 20:34:19,717 - INFO - Registering callback for camera: Grey Squirrel
2025-12-25 20:34:19,718 - ERROR - Error checking media library: 'PyArlo' object has no attribute 'media'
2025-12-25 20:37:05,585 - INFO - Exiting application...
2025-12-25 20:37:25,138 - INFO - Authenticating with Arlo...
2025-12-25 20:37:25,148 - INFO - pyarlo 0.8.0.17 starting...
2025-12-25 20:37:28,999 - INFO - pyaarlo starting
2025-12-25 20:37:30,264 - INFO - skipping Chipmunk: state is removed
2025-12-25 20:37:33,779 - INFO - Starting Arlo event listener...
2025-12-25 20:37:33,779 - INFO - Registering callback for camera: Back Door
2025-12-25 20:37:33,779 - INFO - Registering callback for camera: Grey Squirrel
2025-12-25 20:38:22,985 - ERROR - Error checking media library: 'ArloCamera' object has no attribute 'media'
2025-12-25 20:43:56,704 - INFO - Authenticating with Arlo...
2025-12-25 20:43:56,718 - INFO - pyarlo 0.8.0.17 starting...
2025-12-25 20:44:00,300 - INFO - pyaarlo starting
2025-12-25 20:44:01,300 - INFO - skipping Chipmunk: state is removed
2025-12-25 20:44:05,056 - INFO - Starting Arlo event listener...
2025-12-25 20:44:05,057 - INFO - Registering callback for camera: Back Door
2025-12-25 20:44:05,058 - INFO - Registering callback for camera: Grey Squirrel
2025-12-25 21:02:08,017 - INFO - Authenticating with Arlo...
2025-12-25 21:02:08,028 - INFO - pyarlo 0.8.0.17 starting...
2025-12-25 21:02:11,941 - INFO - pyaarlo starting
2025-12-25 21:02:12,920 - INFO - skipping Chipmunk: state is removed
2025-12-25 21:02:16,695 - INFO - Starting Arlo event listener...
2025-12-25 21:02:16,695 - INFO - Registering callback for camera: Back Door
2025-12-25 21:02:16,695 - INFO - Registering callback for camera: Grey Squirrel
2025-12-25 21:05:51,823 - INFO - Starting full library download...
2025-12-25 21:14:26,233 - INFO - Authenticating with Arlo...
2025-12-25 21:14:26,243 - INFO - pyarlo 0.8.0.17 starting...
2025-12-25 21:14:30,300 - INFO - pyaarlo starting
2025-12-25 21:14:31,752 - INFO - skipping Chipmunk: state is removed
2025-12-25 21:14:36,394 - INFO - Starting Arlo event listener...
2025-12-25 21:14:40,042 - INFO - Registering callback for camera: Back Door
2025-12-25 21:14:43,182 - INFO - Registering callback for camera: Grey Squirrel
2025-12-25 21:28:14,184 - INFO - Authenticating with Arlo...
2025-12-25 21:28:14,194 - INFO - pyarlo 0.8.0.17 starting...
2025-12-25 21:28:17,698 - INFO - pyaarlo starting
2025-12-25 21:28:18,618 - INFO - skipping Chipmunk: state is removed
2025-12-25 21:28:22,479 - INFO - Starting Arlo event listener...
2025-12-25 21:33:33,475 - INFO - Authenticating with Arlo...
2025-12-25 21:33:33,485 - INFO - pyarlo 0.8.0.17 starting...
2025-12-25 21:33:37,229 - INFO - pyaarlo starting
2025-12-25 21:33:42,599 - INFO - Starting Arlo event listener...
2025-12-25 21:33:59,078 - INFO - Registering callback for camera: Back Door
2025-12-25 21:34:01,070 - INFO - Registering callback for camera: Chipmunk
2025-12-25 21:34:02,640 - INFO - Registering callback for camera: Grey Squirrel
2025-12-25 21:44:35,314 - INFO - Authenticating with Arlo...
2025-12-25 21:44:35,314 - INFO - pyarlo 0.8.0.17 starting...
2025-12-25 21:44:37,477 - INFO - Exiting application...
2025-12-25 21:44:39,075 - INFO - pyaarlo starting
2025-12-25 21:44:53,993 - INFO - Authenticating with Arlo...
2025-12-25 21:44:53,993 - INFO - pyarlo 0.8.0.17 starting...
2025-12-25 21:44:57,676 - INFO - pyaarlo starting
2025-12-25 21:45:02,416 - INFO - Starting Arlo event listener...
2025-12-25 21:45:02,428 - INFO - Registering callback for camera: Back Door
2025-12-25 21:45:02,428 - INFO - Registering callback for camera: Chipmunk
2025-12-25 21:45:02,428 - INFO - Registering callback for camera: Grey Squirrel
2025-12-25 21:51:19,592 - INFO - Authenticating with Arlo...
2025-12-25 21:51:19,592 - INFO - pyarlo 0.8.0.17 starting...
2025-12-25 21:51:23,688 - INFO - pyaarlo starting
2025-12-25 21:51:28,565 - INFO - Starting Arlo event listener...
2025-12-25 21:51:28,565 - INFO - Registering callback for camera: Back Door
2025-12-25 21:51:28,565 - INFO - Registering callback for camera: Chipmunk
2025-12-25 21:51:28,572 - INFO - Registering callback for camera: Grey Squirrel
